<?xml version="1.0" encoding="UTF-8"?>
<robot generator="Robot 4.0.3 (Python 3.9.1 on win32)" generated="20210708 02:36:27.406" rpa="false" schemaversion="2">
<suite id="s1" name="Demo" source="C:\Users\user\Desktop\AutomationTesting\Demo.robot">
<test id="s1-t1" name="Verify Books selected from Menu">
<kw name="Given User is allowed to Open Book Search">
<kw name="Open Browser" library="SeleniumLibrary">
<arg>${url}</arg>
<arg>${browser}</arg>
<doc>Opens a new browser instance to the optional ``url``.</doc>
<msg timestamp="20210708 02:36:27.778" level="INFO">Opening browser 'gc' to base url 'https://www.bookswagon.com/'.</msg>
<status status="PASS" starttime="20210708 02:36:27.778" endtime="20210708 02:36:38.620"/>
</kw>
<kw name="Maximize Browser Window" library="SeleniumLibrary">
<doc>Maximizes current browser window.</doc>
<status status="PASS" starttime="20210708 02:36:38.620" endtime="20210708 02:36:38.791"/>
</kw>
<status status="PASS" starttime="20210708 02:36:27.777" endtime="20210708 02:36:38.791"/>
</kw>
<kw name="When Search for Lifestyle">
<kw name="Wait Until Page Contains" library="SeleniumLibrary">
<arg>${text-book}</arg>
<arg>timeout=20s</arg>
<doc>Waits until ``text`` appears on the current page.</doc>
<status status="PASS" starttime="20210708 02:36:38.792" endtime="20210708 02:36:38.847"/>
</kw>
<kw name="Click Element" library="SeleniumLibrary">
<arg>${bookcategory}</arg>
<doc>Click the element identified by ``locator``.</doc>
<msg timestamp="20210708 02:36:38.847" level="INFO">Clicking element 'xpath=//div[@class='books-category']/ul/li[15]'.</msg>
<status status="PASS" starttime="20210708 02:36:38.847" endtime="20210708 02:36:40.162"/>
</kw>
<status status="PASS" starttime="20210708 02:36:38.792" endtime="20210708 02:36:40.164"/>
</kw>
<kw name="Search for Sports category">
<kw name="Wait Until Page Contains" library="SeleniumLibrary">
<arg>${menu}</arg>
<arg>timeout=100s</arg>
<doc>Waits until ``text`` appears on the current page.</doc>
<status status="PASS" starttime="20210708 02:36:40.180" endtime="20210708 02:36:40.969"/>
</kw>
<kw name="Click Element" library="SeleniumLibrary">
<arg>${submenu}</arg>
<doc>Click the element identified by ``locator``.</doc>
<msg timestamp="20210708 02:36:40.970" level="INFO">Clicking element 'xpath=//div[@class='bc-menu']/ul/li[12]'.</msg>
<status status="PASS" starttime="20210708 02:36:40.970" endtime="20210708 02:36:42.196"/>
</kw>
<status status="PASS" starttime="20210708 02:36:40.179" endtime="20210708 02:36:42.196"/>
</kw>
<kw name="Search for Motor Sports">
<kw name="Wait Until Page Contains" library="SeleniumLibrary">
<arg>${subtext}</arg>
<arg>timeout=100s</arg>
<doc>Waits until ``text`` appears on the current page.</doc>
<status status="PASS" starttime="20210708 02:36:42.198" endtime="20210708 02:36:42.943"/>
</kw>
<kw name="Click Element" library="SeleniumLibrary">
<arg>${submenu1}</arg>
<doc>Click the element identified by ``locator``.</doc>
<msg timestamp="20210708 02:36:42.943" level="INFO">Clicking element 'xpath=//div[@class='bc-menu']/ul/li[12]'.</msg>
<status status="PASS" starttime="20210708 02:36:42.943" endtime="20210708 02:36:44.682"/>
</kw>
<status status="PASS" starttime="20210708 02:36:42.197" endtime="20210708 02:36:44.684"/>
</kw>
<kw name="Click a book from motor sports">
<kw name="Get Element Count" library="SeleniumLibrary">
<var>${cnt}</var>
<arg>${element_count}</arg>
<doc>Returns the number of elements matching ``locator``.</doc>
<msg timestamp="20210708 02:36:44.769" level="INFO">${cnt} = 16</msg>
<status status="PASS" starttime="20210708 02:36:44.690" endtime="20210708 02:36:44.770"/>
</kw>
<kw name="Log To Console" library="BuiltIn">
<arg>${cnt}</arg>
<doc>Logs the given message to the console.</doc>
<status status="PASS" starttime="20210708 02:36:44.770" endtime="20210708 02:36:44.770"/>
</kw>
<for flavor="IN RANGE">
<var>${j}</var>
<value>1</value>
<value>${cnt}</value>
<iter>
<var name="${j}">1</var>
<kw name="Get Text" library="SeleniumLibrary">
<var>${Book_text}</var>
<arg>xpath=//div[@id='listSearchResult']/div[${j}]/div[3]/div[1]/a</arg>
<doc>Returns the text value of the element identified by ``locator``.</doc>
<msg timestamp="20210708 02:36:44.814" level="INFO">${Book_text} = The Grand Tour Guide to the World</msg>
<status status="PASS" starttime="20210708 02:36:44.772" endtime="20210708 02:36:44.814"/>
</kw>
<kw name="Log To Console" library="BuiltIn">
<arg>${Book_text}</arg>
<doc>Logs the given message to the console.</doc>
<status status="PASS" starttime="20210708 02:36:44.815" endtime="20210708 02:36:44.816"/>
</kw>
<kw name="Scroll Element Into View" library="SeleniumLibrary">
<arg>xpath=//div[@id='listSearchResult']/div[${j}]/div[3]/div[1]/a</arg>
<doc>Scrolls the element identified by ``locator`` into view.</doc>
<status status="PASS" starttime="20210708 02:36:44.817" endtime="20210708 02:36:45.106"/>
</kw>
<kw name="Exit For Loop If" library="BuiltIn">
<arg>"${Book_text}" == "${scrollele}"</arg>
<doc>Stops executing the enclosing for loop if the ``condition`` is true.</doc>
<status status="PASS" starttime="20210708 02:36:45.107" endtime="20210708 02:36:45.108"/>
</kw>
<status status="PASS" starttime="20210708 02:36:44.771" endtime="20210708 02:36:45.108"/>
</iter>
<iter>
<var name="${j}">2</var>
<kw name="Get Text" library="SeleniumLibrary">
<var>${Book_text}</var>
<arg>xpath=//div[@id='listSearchResult']/div[${j}]/div[3]/div[1]/a</arg>
<doc>Returns the text value of the element identified by ``locator``.</doc>
<msg timestamp="20210708 02:36:45.148" level="INFO">${Book_text} = Speed Read F1</msg>
<status status="PASS" starttime="20210708 02:36:45.109" endtime="20210708 02:36:45.148"/>
</kw>
<kw name="Log To Console" library="BuiltIn">
<arg>${Book_text}</arg>
<doc>Logs the given message to the console.</doc>
<status status="PASS" starttime="20210708 02:36:45.149" endtime="20210708 02:36:45.150"/>
</kw>
<kw name="Scroll Element Into View" library="SeleniumLibrary">
<arg>xpath=//div[@id='listSearchResult']/div[${j}]/div[3]/div[1]/a</arg>
<doc>Scrolls the element identified by ``locator`` into view.</doc>
<status status="PASS" starttime="20210708 02:36:45.150" endtime="20210708 02:36:45.429"/>
</kw>
<kw name="Exit For Loop If" library="BuiltIn">
<arg>"${Book_text}" == "${scrollele}"</arg>
<doc>Stops executing the enclosing for loop if the ``condition`` is true.</doc>
<status status="PASS" starttime="20210708 02:36:45.429" endtime="20210708 02:36:45.430"/>
</kw>
<status status="PASS" starttime="20210708 02:36:45.109" endtime="20210708 02:36:45.430"/>
</iter>
<iter>
<var name="${j}">3</var>
<kw name="Get Text" library="SeleniumLibrary">
<var>${Book_text}</var>
<arg>xpath=//div[@id='listSearchResult']/div[${j}]/div[3]/div[1]/a</arg>
<doc>Returns the text value of the element identified by ``locator``.</doc>
<msg timestamp="20210708 02:36:45.457" level="INFO">${Book_text} = Formula One 2021</msg>
<status status="PASS" starttime="20210708 02:36:45.430" endtime="20210708 02:36:45.457"/>
</kw>
<kw name="Log To Console" library="BuiltIn">
<arg>${Book_text}</arg>
<doc>Logs the given message to the console.</doc>
<status status="PASS" starttime="20210708 02:36:45.457" endtime="20210708 02:36:45.457"/>
</kw>
<kw name="Scroll Element Into View" library="SeleniumLibrary">
<arg>xpath=//div[@id='listSearchResult']/div[${j}]/div[3]/div[1]/a</arg>
<doc>Scrolls the element identified by ``locator`` into view.</doc>
<status status="PASS" starttime="20210708 02:36:45.459" endtime="20210708 02:36:45.752"/>
</kw>
<kw name="Exit For Loop If" library="BuiltIn">
<arg>"${Book_text}" == "${scrollele}"</arg>
<doc>Stops executing the enclosing for loop if the ``condition`` is true.</doc>
<status status="PASS" starttime="20210708 02:36:45.753" endtime="20210708 02:36:45.753"/>
</kw>
<status status="PASS" starttime="20210708 02:36:45.430" endtime="20210708 02:36:45.753"/>
</iter>
<iter>
<var name="${j}">4</var>
<kw name="Get Text" library="SeleniumLibrary">
<var>${Book_text}</var>
<arg>xpath=//div[@id='listSearchResult']/div[${j}]/div[3]/div[1]/a</arg>
<doc>Returns the text value of the element identified by ``locator``.</doc>
<msg timestamp="20210708 02:36:45.799" level="INFO">${Book_text} = How to Be an F1 Driver</msg>
<status status="PASS" starttime="20210708 02:36:45.753" endtime="20210708 02:36:45.799"/>
</kw>
<kw name="Log To Console" library="BuiltIn">
<arg>${Book_text}</arg>
<doc>Logs the given message to the console.</doc>
<status status="PASS" starttime="20210708 02:36:45.799" endtime="20210708 02:36:45.799"/>
</kw>
<kw name="Scroll Element Into View" library="SeleniumLibrary">
<arg>xpath=//div[@id='listSearchResult']/div[${j}]/div[3]/div[1]/a</arg>
<doc>Scrolls the element identified by ``locator`` into view.</doc>
<status status="PASS" starttime="20210708 02:36:45.799" endtime="20210708 02:36:46.116"/>
</kw>
<kw name="Exit For Loop If" library="BuiltIn">
<arg>"${Book_text}" == "${scrollele}"</arg>
<doc>Stops executing the enclosing for loop if the ``condition`` is true.</doc>
<status status="PASS" starttime="20210708 02:36:46.117" endtime="20210708 02:36:46.119"/>
</kw>
<status status="PASS" starttime="20210708 02:36:45.753" endtime="20210708 02:36:46.119"/>
</iter>
<iter>
<var name="${j}">5</var>
<kw name="Get Text" library="SeleniumLibrary">
<var>${Book_text}</var>
<arg>xpath=//div[@id='listSearchResult']/div[${j}]/div[3]/div[1]/a</arg>
<doc>Returns the text value of the element identified by ``locator``.</doc>
<msg timestamp="20210708 02:36:46.229" level="INFO">${Book_text} = The Carroll Shelby Story</msg>
<status status="PASS" starttime="20210708 02:36:46.119" endtime="20210708 02:36:46.229"/>
</kw>
<kw name="Log To Console" library="BuiltIn">
<arg>${Book_text}</arg>
<doc>Logs the given message to the console.</doc>
<status status="PASS" starttime="20210708 02:36:46.229" endtime="20210708 02:36:46.231"/>
</kw>
<kw name="Scroll Element Into View" library="SeleniumLibrary">
<arg>xpath=//div[@id='listSearchResult']/div[${j}]/div[3]/div[1]/a</arg>
<doc>Scrolls the element identified by ``locator`` into view.</doc>
<status status="PASS" starttime="20210708 02:36:46.232" endtime="20210708 02:36:46.537"/>
</kw>
<kw name="Exit For Loop If" library="BuiltIn">
<arg>"${Book_text}" == "${scrollele}"</arg>
<doc>Stops executing the enclosing for loop if the ``condition`` is true.</doc>
<status status="PASS" starttime="20210708 02:36:46.537" endtime="20210708 02:36:46.537"/>
</kw>
<status status="PASS" starttime="20210708 02:36:46.119" endtime="20210708 02:36:46.537"/>
</iter>
<iter>
<var name="${j}">6</var>
<kw name="Get Text" library="SeleniumLibrary">
<var>${Book_text}</var>
<arg>xpath=//div[@id='listSearchResult']/div[${j}]/div[3]/div[1]/a</arg>
<doc>Returns the text value of the element identified by ``locator``.</doc>
<msg timestamp="20210708 02:36:46.609" level="INFO">${Book_text} = Formula 1 2019</msg>
<status status="PASS" starttime="20210708 02:36:46.537" endtime="20210708 02:36:46.609"/>
</kw>
<kw name="Log To Console" library="BuiltIn">
<arg>${Book_text}</arg>
<doc>Logs the given message to the console.</doc>
<status status="PASS" starttime="20210708 02:36:46.609" endtime="20210708 02:36:46.609"/>
</kw>
<kw name="Scroll Element Into View" library="SeleniumLibrary">
<arg>xpath=//div[@id='listSearchResult']/div[${j}]/div[3]/div[1]/a</arg>
<doc>Scrolls the element identified by ``locator`` into view.</doc>
<status status="PASS" starttime="20210708 02:36:46.609" endtime="20210708 02:36:46.944"/>
</kw>
<kw name="Exit For Loop If" library="BuiltIn">
<arg>"${Book_text}" == "${scrollele}"</arg>
<doc>Stops executing the enclosing for loop if the ``condition`` is true.</doc>
<status status="PASS" starttime="20210708 02:36:46.944" endtime="20210708 02:36:46.944"/>
</kw>
<status status="PASS" starttime="20210708 02:36:46.537" endtime="20210708 02:36:46.944"/>
</iter>
<iter>
<var name="${j}">7</var>
<kw name="Get Text" library="SeleniumLibrary">
<var>${Book_text}</var>
<arg>xpath=//div[@id='listSearchResult']/div[${j}]/div[3]/div[1]/a</arg>
<doc>Returns the text value of the element identified by ``locator``.</doc>
<msg timestamp="20210708 02:36:47.024" level="INFO">${Book_text} = Formula 1: The Official History</msg>
<status status="PASS" starttime="20210708 02:36:46.944" endtime="20210708 02:36:47.024"/>
</kw>
<kw name="Log To Console" library="BuiltIn">
<arg>${Book_text}</arg>
<doc>Logs the given message to the console.</doc>
<status status="PASS" starttime="20210708 02:36:47.024" endtime="20210708 02:36:47.024"/>
</kw>
<kw name="Scroll Element Into View" library="SeleniumLibrary">
<arg>xpath=//div[@id='listSearchResult']/div[${j}]/div[3]/div[1]/a</arg>
<doc>Scrolls the element identified by ``locator`` into view.</doc>
<status status="PASS" starttime="20210708 02:36:47.024" endtime="20210708 02:36:47.356"/>
</kw>
<kw name="Exit For Loop If" library="BuiltIn">
<arg>"${Book_text}" == "${scrollele}"</arg>
<doc>Stops executing the enclosing for loop if the ``condition`` is true.</doc>
<status status="PASS" starttime="20210708 02:36:47.356" endtime="20210708 02:36:47.356"/>
</kw>
<status status="PASS" starttime="20210708 02:36:46.944" endtime="20210708 02:36:47.356"/>
</iter>
<iter>
<var name="${j}">8</var>
<kw name="Get Text" library="SeleniumLibrary">
<var>${Book_text}</var>
<arg>xpath=//div[@id='listSearchResult']/div[${j}]/div[3]/div[1]/a</arg>
<doc>Returns the text value of the element identified by ``locator``.</doc>
<msg timestamp="20210708 02:36:47.409" level="INFO">${Book_text} = Extreme Cuisine</msg>
<status status="PASS" starttime="20210708 02:36:47.356" endtime="20210708 02:36:47.409"/>
</kw>
<kw name="Log To Console" library="BuiltIn">
<arg>${Book_text}</arg>
<doc>Logs the given message to the console.</doc>
<status status="PASS" starttime="20210708 02:36:47.409" endtime="20210708 02:36:47.410"/>
</kw>
<kw name="Scroll Element Into View" library="SeleniumLibrary">
<arg>xpath=//div[@id='listSearchResult']/div[${j}]/div[3]/div[1]/a</arg>
<doc>Scrolls the element identified by ``locator`` into view.</doc>
<status status="PASS" starttime="20210708 02:36:47.410" endtime="20210708 02:36:47.712"/>
</kw>
<kw name="Exit For Loop If" library="BuiltIn">
<arg>"${Book_text}" == "${scrollele}"</arg>
<doc>Stops executing the enclosing for loop if the ``condition`` is true.</doc>
<status status="PASS" starttime="20210708 02:36:47.712" endtime="20210708 02:36:47.715"/>
</kw>
<status status="PASS" starttime="20210708 02:36:47.356" endtime="20210708 02:36:47.715"/>
</iter>
<iter>
<var name="${j}">9</var>
<kw name="Get Text" library="SeleniumLibrary">
<var>${Book_text}</var>
<arg>xpath=//div[@id='listSearchResult']/div[${j}]/div[3]/div[1]/a</arg>
<doc>Returns the text value of the element identified by ``locator``.</doc>
<msg timestamp="20210708 02:36:47.795" level="INFO">${Book_text} = My Greatest Defeat</msg>
<status status="PASS" starttime="20210708 02:36:47.716" endtime="20210708 02:36:47.795"/>
</kw>
<kw name="Log To Console" library="BuiltIn">
<arg>${Book_text}</arg>
<doc>Logs the given message to the console.</doc>
<status status="PASS" starttime="20210708 02:36:47.795" endtime="20210708 02:36:47.795"/>
</kw>
<kw name="Scroll Element Into View" library="SeleniumLibrary">
<arg>xpath=//div[@id='listSearchResult']/div[${j}]/div[3]/div[1]/a</arg>
<doc>Scrolls the element identified by ``locator`` into view.</doc>
<status status="PASS" starttime="20210708 02:36:47.795" endtime="20210708 02:36:48.127"/>
</kw>
<kw name="Exit For Loop If" library="BuiltIn">
<arg>"${Book_text}" == "${scrollele}"</arg>
<doc>Stops executing the enclosing for loop if the ``condition`` is true.</doc>
<status status="PASS" starttime="20210708 02:36:48.127" endtime="20210708 02:36:48.127"/>
</kw>
<status status="PASS" starttime="20210708 02:36:47.716" endtime="20210708 02:36:48.127"/>
</iter>
<iter>
<var name="${j}">10</var>
<kw name="Get Text" library="SeleniumLibrary">
<var>${Book_text}</var>
<arg>xpath=//div[@id='listSearchResult']/div[${j}]/div[3]/div[1]/a</arg>
<doc>Returns the text value of the element identified by ``locator``.</doc>
<msg timestamp="20210708 02:36:48.200" level="INFO">${Book_text} = The Art of the Formula 1 Race Car 2020</msg>
<status status="PASS" starttime="20210708 02:36:48.127" endtime="20210708 02:36:48.201"/>
</kw>
<kw name="Log To Console" library="BuiltIn">
<arg>${Book_text}</arg>
<doc>Logs the given message to the console.</doc>
<status status="PASS" starttime="20210708 02:36:48.201" endtime="20210708 02:36:48.204"/>
</kw>
<kw name="Scroll Element Into View" library="SeleniumLibrary">
<arg>xpath=//div[@id='listSearchResult']/div[${j}]/div[3]/div[1]/a</arg>
<doc>Scrolls the element identified by ``locator`` into view.</doc>
<status status="PASS" starttime="20210708 02:36:48.205" endtime="20210708 02:36:48.537"/>
</kw>
<kw name="Exit For Loop If" library="BuiltIn">
<arg>"${Book_text}" == "${scrollele}"</arg>
<doc>Stops executing the enclosing for loop if the ``condition`` is true.</doc>
<status status="PASS" starttime="20210708 02:36:48.538" endtime="20210708 02:36:48.539"/>
</kw>
<status status="PASS" starttime="20210708 02:36:48.127" endtime="20210708 02:36:48.539"/>
</iter>
<iter>
<var name="${j}">11</var>
<kw name="Get Text" library="SeleniumLibrary">
<var>${Book_text}</var>
<arg>xpath=//div[@id='listSearchResult']/div[${j}]/div[3]/div[1]/a</arg>
<doc>Returns the text value of the element identified by ``locator``.</doc>
<msg timestamp="20210708 02:36:48.600" level="INFO">${Book_text} = Total Competition</msg>
<status status="PASS" starttime="20210708 02:36:48.539" endtime="20210708 02:36:48.600"/>
</kw>
<kw name="Log To Console" library="BuiltIn">
<arg>${Book_text}</arg>
<doc>Logs the given message to the console.</doc>
<status status="PASS" starttime="20210708 02:36:48.601" endtime="20210708 02:36:48.601"/>
</kw>
<kw name="Scroll Element Into View" library="SeleniumLibrary">
<arg>xpath=//div[@id='listSearchResult']/div[${j}]/div[3]/div[1]/a</arg>
<doc>Scrolls the element identified by ``locator`` into view.</doc>
<status status="PASS" starttime="20210708 02:36:48.601" endtime="20210708 02:36:48.919"/>
</kw>
<kw name="Exit For Loop If" library="BuiltIn">
<arg>"${Book_text}" == "${scrollele}"</arg>
<doc>Stops executing the enclosing for loop if the ``condition`` is true.</doc>
<msg timestamp="20210708 02:36:48.919" level="INFO">Exiting for loop altogether.</msg>
<status status="PASS" starttime="20210708 02:36:48.919" endtime="20210708 02:36:48.919"/>
</kw>
<status status="PASS" starttime="20210708 02:36:48.539" endtime="20210708 02:36:48.919"/>
</iter>
<status status="PASS" starttime="20210708 02:36:44.771" endtime="20210708 02:36:48.919"/>
</for>
<kw name="Set Suite Variable" library="BuiltIn">
<arg>${selectedbook}</arg>
<arg>xpath=//div[@id='listSearchResult']/div[${j}]/div[3]/div[1]/a</arg>
<doc>Makes a variable available everywhere within the scope of the current suite.</doc>
<msg timestamp="20210708 02:36:48.919" level="INFO">${selectedbook} = xpath=//div[@id='listSearchResult']/div[11]/div[3]/div[1]/a</msg>
<status status="PASS" starttime="20210708 02:36:48.919" endtime="20210708 02:36:48.919"/>
</kw>
<kw name="Click Element" library="SeleniumLibrary">
<arg>${selectedbook}</arg>
<doc>Click the element identified by ``locator``.</doc>
<msg timestamp="20210708 02:36:48.927" level="INFO">Clicking element 'xpath=//div[@id='listSearchResult']/div[11]/div[3]/div[1]/a'.</msg>
<status status="PASS" starttime="20210708 02:36:48.919" endtime="20210708 02:36:51.249"/>
</kw>
<kw name="Close Browser" library="SeleniumLibrary">
<doc>Closes the current browser.</doc>
<status status="PASS" starttime="20210708 02:36:51.250" endtime="20210708 02:36:53.695"/>
</kw>
<status status="PASS" starttime="20210708 02:36:44.688" endtime="20210708 02:36:53.696"/>
</kw>
<tag>demo</tag>
<status status="PASS" starttime="20210708 02:36:27.776" endtime="20210708 02:36:53.698"/>
</test>
<status status="PASS" starttime="20210708 02:36:27.408" endtime="20210708 02:36:53.706"/>
</suite>
<statistics>
<total>
<stat pass="1" fail="0" skip="0">All Tests</stat>
</total>
<tag>
<stat pass="1" fail="0" skip="0">demo</stat>
</tag>
<suite>
<stat pass="1" fail="0" skip="0" id="s1" name="Demo">Demo</stat>
</suite>
</statistics>
<errors>
</errors>
</robot>
